1215
1166
1167
1171
1218
1160
1155
1144
1151
1184
1157
1165
1202
1166
1188
1187
1159
1195
1148
1146
1187
1173
1167
1168
1185
1198
1180
1166
1150
1152
1165
1194
1196
1215
1170
1162
1172
1176
1164
1144
1163
1177
1162
1151
1163
1159
1193
1155
1155
1186
1187
1180
1166
1174
1166
1190
1166
1179
1170
1187
1194
1199
1165
1181
1156
1209
1178
1162
1219
1190
1179
1155
1162
1170
1163
1155
1175
1168
1168
1172
1158
1171
1170
1165
1159
1170
1185
1174
1176
1180
1187
1166
1164
1172
1173
1203
1211
1208
1168
1178
1167
1218
1194
1167
1172
1175
1226
1177
1194
1226
1166
1171
1240
1173
1163
1234
1187
1197
1169
1174
1189
1175
1190
1213
1236
1186
1185
1203
1214
1199
1173
1167
1193
1227
1195
1213
1198
1195
1197
1203
1196
1207
1191
1188
1222
1220
1172
1201
1181
1181
1170
1173
1191
1192
1183
1193
1169
1191
1207
1186
1192
1169
1186
1213
1229
1301
1194
1169
1195
1182
1184
1163
1169
1160
1212
1164
1163
1185
1177
1193
1181
1182
1195
1214
1222
1212
1227
1230
1236
1210
1240
1238
1174
1183
1200
1209
1207
1189
1171
1208
1209
1191
1189
1193
1204
1185
1187
1175
1176
1181
1188
1163
1187
1158
1186
1171
1182
1190
1195
1179
1185
1193
1223
1185
1174
1212
1219
1187
1176
1182
1220
1184
1177
1202
1185
1184
1170
1192
1177
1165
1183
1178
1184
1196
1157
1161
1166
1172
1182
1167
1176
1183
1174
1176
1170
1529
1259
1209
1176
1174
1216
1184
1172
1216
1176
1177
1166
1178
1170
1166
1182
1172
1159
1208
1177
1210
1205
1190
1230
1312
1189
1179
1170
1192
1168
1186
1180
1175
1190
1167
1183
1188
1175
1170
1189
1185
1183
1199
1187
1186
1190
1160
1171
1189
1190
1165
1166
1180
1178
1192
1196
1196
1177
1191
1188
1214
1183
1166
1170
1208
1165
1171
1167
1214
1159
1172
1204
1174
1181
1167
1171
1162
1173
1183
1160
1178
1181
1211
1197
1169
1175
1159
1181
1204
1174
1199
1225
1190
1188
1179
1207
1195
1183
1182
1198
1183
1175
1184
1170
1221
1162
1172
1202
1175
1171
1189
1189
1184
1173
1162
1162
1185
1177
1162
1186
1235
1164
1189
1194
1178
1180
1156
1166
1154
1189
1189
1181
1178
1154
1156
1179
1179
1168
1191
1169
1198
1179
1201
1196
1187
1216
1196
1170
1180
1184
1161
1198
1161
1207
1178
1144
1158
1192
1189
1152
1178
1179
1187
1182
1193
1169
1190
1184
1192
1173
1166
1174
1161
1186
1176
1181
1176
1185
1179
1161
1193
1173
1164
1210
1194
1165
1186
1170
1161
1219
1191
1186
1203
1172
1160
1188
1173
1176
1186
1155
1171
1195
1158
1209
1229
1207
1223
1200
1191
1190
1170
1233
1230
1194
1158
1179
1156
1153
1173
1163
1233
1155
1176
1175
1184
1180
1192
1190
1163
1165
1236
1149
1160
1181
1163
1151
1173
1165
1201
1189
1208
1187
1178
1177
1185
1193
1208
1192
1171
1229
1203
1196
1189
1206
1160
1164
1179
1160
1155
1175
1154
1157
1162
1188
1150
1155
1182
1165
1159
1155
1174
1173
1155
1167
1158
1156
1159
1159
1162
1166
1163
1160
1148
1167
1178
1168
1170
1197
1186
1160
1157
1144
1156
1174
1163
1166
1174
1173
1177
1170
1172
1162
1162
1188
1164
1149
1160
1183
1152
1177
1175
1159
1163
1167
1160
1158
1155
1152
1157
1153
1157
1147
1164
1204
1168
1196
1187
1169
1193
1174
1167
1171
1168
1171
1161
1179
1162
1162
1167
1161
1191
1179
1164
1152
1166
1196
1162
1162
1161
1177
1186
1142
1145
1186
1263
1161
1154
1184
1165
1164
1173
1168
1150
1172
1168
1178
1175
1156
1167
1170
1170
1146
1155
1140
1165
1199
1158
1151
1161
1153
1160
1337
1173
1176
1171
1168
1158
1179
1166
1160
1166
1180
1157
1152
1170
1155
1173
1197
1166
1163
1191
1156
1149
1173
1160
1157
1168
1162
1173
1184
1174
1158
1215
1197
1172
1164
1187
1147
1167
1170
1183
1177
1162
1159
1166
1216
1152
1158
1152
1155
1159
1155
1162
1160
1154
1152
1160
1167
1177
1158
1189
1163
1175
1202
1181
1219
1169
1162
1254
1211
1194
1173
1184
1190
1170
1203
1156
1150
1172
1168
1169
1145
1145
1158
1161
1147
1167
1157
1147
1154
1145
1151
1176
1150
1164
1195
1165
1153
1159
1192
1178
1185
1155
1156
1159
1208
1154
1140
1173
1154
1190
1161
1195
1158
1179
1170
1162
1176
1153
1152
1187
1151
1168
1200
1180
1248
1182
1172
1173
1166
1195
1176
1165
1154
1156
1183
1162
1154
1165
1157
1182
1176
1173
1174
1165
1162
1153
1169
1173
1163
1158
1162
1152
1170
1171
1185
1160
1191
1159
1142
1190
1180
1149
1153
1179
1168
1159
1160
1185
1149
1162
1149
1151
1155
1152
1166
1170
1149
1167
1162
1167
1174
1165
1177
1167
1250
1171
1148
1149
1146
1166
1185
1159
1156
1160
1149
1166
1187
1156
1156
1184
1144
1148
1151
1154
1172
1168
1170
1154
1136
1184
1166
1175
1182
1203
1196
1164
1147
1155
1167
1161
1167
1158
1174
1162
1166
1185
1188
1129
1160
1190
1167
1169
1161
1163
1165
1187
1158
1174
1181
1198
1185
1147
1163
1207
1222
1165
1167
1167
1174
1166
1203
1213
1176
1158
1178
1159
1150
1156
1151
1186
1174
1153
1168
1160
1169
1165
1153
1144
1160
1183
1159
1156
1159
1175
1176
1161
1192
1151
1168
1175
1161
1183
1156
1147
1165
1171
1169
1147
1162
1163
1170
1153
1160
1144
1161
1151
1158
1162
1167
1161
1152
1144
1209
1173
1173
1164
1167
1160
1148
1160
1169
1167
1145
1148
1184
1168
1162
1162
1152
1161
1147
1151
1164
1151
1158
1156
1175
1166
1165
1158
1153
1175
1161
1162
1154
1179
1142
1178
1166
1160
1160
1183
1161
1163
1167
1152
1158
1148
1162
1188
1153
1161
1166
1177
1171
1158
1162
1173
1169
1176
1163
1172
1177
1174
1181
