12322
8662
18947
19666
11431
11355
7091
8822
8517
7156
9203
7651
8383
6638
6455
11253
9861
8935
11060
9972
7752
7609
9311
8523
7188
6031
6558
7543
6535
8753
6772
9154
6509
8942
6708
8562
9949
8731
7806
8277
6419
9011
6215
9122
6451
8938
6237
8778
5921
6104
8365
6493
8108
6310
7930
7618
8003
6962
8247
6305
7923
6104
8322
9207
8296
6607
8759
5951
5855
5809
8868
5913
8146
6165
8213
6060
8133
6830
8622
6521
8438
6428
8174
6283
7903
6558
7198
6450
7262
6429
7408
6016
7099
5874
8479
7699
6816
7336
6694
7750
6572
7579
6717
7645
6209
7474
7325
7687
6182
7694
7565
7759
7742
15778
6418
10926
7497
6826
7862
8349
8035
10191
7737
7320
7479
6098
7831
5780
9377
6017
8027
5947
5795
5769
8527
7350
7711
7826
7596
10900
7400
6172
8052
6808
7987
6877
8506
6009
7593
6486
7563
6201
8006
6638
7707
6594
7602
8474
7677
6807
8788
6321
7531
6187
7762
6037
7880
6072
8271
6500
8275
6146
7851
6207
7195
6442
7515
8279
7902
6394
7381
5897
7355
6115
8090
6635
8831
6121
8499
6396
8155
6318
8098
8604
7439
6687
7473
6143
8228
6218
7361
7297
7335
7295
7532
6103
7424
6957
7231
10611
7577
8067
7334
8018
8229
8175
7064
8239
15763
7737
7265
7355
5902
7624
5893
7450
6304
6770
6847
7515
6093
7343
6105
10465
6152
9926
6674
9801
7306
7401
6969
5970
5862
5811
5995
6951
6250
6926
6286
7066
6002
7190
8610
7117
6186
7447
8101
7144
7229
7429
6575
7113
7144
7055
7088
7525
7795
7836
7926
7774
7750
7497
8453
6572
7690
6443
8101
6545
6387
7000
7863
7271
6282
6636
8572
6814
8385
6954
6614
6943
6307
6850
6146
7102
5565
6945
5807
5634
7436
6449
6950
5779
7587
7715
6937
7866
7078
5638
6958
5508
6964
7273
7041
5555
5548
5609
5557
7294
7321
7444
6781
5970
5838
5664
5555
5667
5330
5687
7287
6683
6002
5704
5500
5569
5490
6437
6210
10764
7589
5566
6865
7053
5637
6570
10888
5619
5416
6527
9346
5949
8020
8171
5923
5941
9468
5528
5434
5463
5604
5797
5726
5592
5929
6556
6833
15943
7416
6142
9019
7454
9185
6375
6178
5563
5894
5655
6296
6848
6348
6752
5948
6082
6133
5810
6642
7291
7182
6621
5692
6736
6026
5581
6073
9020
5562
6978
5656
5805
5675
6648
7354
7384
7782
7033
9477
7685
7714
5827
5751
5753
6139
7068
6048
7227
7218
15245
5604
6202
13342
12143
11058
5946
7506
10059
5502
5911
7836
5603
7461
5917
7427
6307
7572
5747
7200
7336
8378
7709
12343
7651
5834
7911
9038
6083
7632
6338
7779
8703
7557
6390
7446
7602
7967
7436
7853
6909
7887
6930
8416
8147
9131
5838
7078
8616
7325
6936
7113
6423
8040
7645
7513
6006
7410
8000
6683
8960
7258
8998
7181
9532
7379
7232
13468
7522
9997
6838
7622
7469
7602
7173
10812
7162
9430
7150
7960
6972
8760
6947
8283
7338
7511
8002
6500
7314
6503
6951
6789
7233
6813
7501
8437
7812
6903
7226
6829
7404
7506
7525
10318
7827
7154
6989
7008
6913
5651
7130
7043
6143
8272
5711
6742
5636
5760
5890
6925
5909
5738
7761
8965
7258
8598
7233
8206
7144
9182
7280
8767
7342
9565
6937
10085
7144
8444
7108
6335
7261
8546
7491
6588
7614
6703
7951
5858
7573
7106
7394
6120
7058
7532
7984
7920
6732
6149
6705
6941
6531
5693
5714
7177
6922
6856
5931
6893
7048
7309
8550
6737
6564
7010
6379
6807
5969
6841
7033
6947
7171
6853
8927
6891
6979
7030
6453
7367
8375
7117
8279
7070
7012
6775
7373
7019
6842
7068
6821
7569
8539
7174
8962
7281
13571
8308
6992
7209
13950
7207
8383
6925
7209
7689
6418
8069
6291
8593
6573
7417
8818
8004
6956
8175
5995
7967
5809
6275
7823
7641
8357
8639
7700
8691
7759
7876
7844
9681
8082
11232
7517
6837
7735
9006
7704
7194
7898
6734
8358
6262
8530
6150
8053
8048
8446
7202
8896
8287
8003
6388
8012
6668
8487
8093
8563
7512
8332
8142
7737
9907
7717
8243
7540
7277
8325
10321
8067
6958
7910
6561
8054
6826
8249
7059
8840
6541
8571
8264
8371
7881
8510
6855
8398
6044
8557
5757
8365
9271
8446
10361
7996
7028
9940
10653
11852
10927
8459
6898
8690
5645
6019
7849
5886
8195
5325
7534
5398
7548
6319
7475
6335
7680
7704
9249
5899
8005
7732
5568
5723
5869
8135
5741
5328
8192
5258
7739
5896
5847
7847
8811
7974
7296
7837
8660
7906
6012
8030
6075
7775
7240
7032
6032
7197
6138
8523
6868
6859
7650
6705
6088
6613
6335
7393
8385
6920
6322
6928
7127
7072
7473
6827
7055
6762
6546
6768
6534
6833
6457
6990
9362
7055
9547
7048
7325
7049
8048
8387
6993
7331
7254
7259
7962
7787
10529
10628
8723
9742
7993
7018
6646
6481
6662
10160
13214
11631
10448
12015
8608
7388
6350
6509
6762
7111
9196
7980
6830
6682
6397
8076
8798
10506
9025
9326
10086
7873
6898
6848
6465
6480
6671
6725
6362
6271
6278
6147
6294
6352
6355
6456
7573
10597
10905
9744
8196
7336
7151
6833
6452
6760
6573
7025
8179
7659
8711
9020
9119
9646
9011
7420
6836
6850
6712
6581
6485
6858
7312
8523
9375
7919
6736
6621
7922
8050
7245
6845
7845
8100
7310
7224
8688
7831
9296
10300
9791
9248
8031
6537
6502
7157
7161
7570
7643
6214
5962
7163
7448
7183
8676
7814
6139
5795
5964
8231
9604
8060
6673
6008
5851
10740
5535
6123
5904
5600
6255
5780
6020
24131
6510
5800
5507
7509
6811
7699
22497
5812
5884
6158
6038
6239
5434
6482
6287
5906
6489
6879
8921
7543
5844
6636
7059
6253
6324
9430
6750
7676
5696
5819
5778
5758
5728
5647
5728
5554
5500
5828
6569
8733
6488
5726
12207
6685
8086
6615
7836
5993
9654
6783
6794
7059
8476
7405
6420
7537
5226
7541
6213
7625
6035
8335
5945
8298
5901
6681
7038
