5074
3292
4638
4542
6777
5488
4528
5322
4613
3230
4363
4583
7065
4629
7040
3064
4569
4594
4572
2970
4159
3701
4006
3599
3840
4540
5049
4117
2876
3828
4171
4011
4818
2701
4231
4307
4016
2773
4020
5439
4175
2631
3938
4045
4417
4046
2977
4057
2872
3911
4097
3885
3931
4257
2770
4269
5301
4334
3063
4083
3389
4059
2833
4182
2505
4243
2809
4060
2403
5506
3264
4360
3340
4419
2443
5440
2694
4448
3259
4190
3287
4284
2542
4370
2620
4429
6165
4556
2663
4513
3137
6458
2585
4678
3324
4671
5168
4625
3432
5184
2445
5198
3831
4737
2493
4493
2897
5123
2685
4544
3567
4120
3215
4434
3955
3753
4151
3839
3934
10865
4028
2879
4214
2971
4065
5503
3776
3995
3811
4796
2434
4180
3147
4088
3561
4606
2487
4622
5017
4500
4357
4360
3671
5044
2369
4566
4005
4452
2839
6403
3806
6095
2615
4946
4890
4626
2690
4291
6074
4348
4355
4251
3082
4363
3441
4348
4176
4295
2647
4760
3662
4414
3190
4145
2590
3942
3069
3869
4179
4731
5451
3529
4221
2523
4285
3672
4076
4691
5323
3765
4403
2937
3984
4642
4059
3550
4217
3879
4278
4204
4372
2772
4137
2783
4016
4170
3946
3905
2879
3834
4108
2845
3938
3945
3766
3749
3892
3942
3997
3349
3812
3686
3825
3634
3791
3888
3801
3792
3881
3885
4021
2646
4022
2581
3917
3929
3900
3904
3783
4246
3712
3872
4027
2823
4007
2618
4020
2924
6778
3386
5758
3098
4305
2779
4017
4010
4122
3523
5429
3676
5455
3005
4160
5354
4262
4326
4349
2540
4433
3786
4377
3838
4051
2785
4204
3998
4095
2804
4222
2700
4094
2644
4216
2704
3962
3883
4018
2606
4075
2984
3818
3968
3967
2399
3894
4113
3967
6849
3956
3975
5981
4158
2737
4122
2681
4067
3060
4158
2835
4173
3647
3972
2693
4025
2615
3967
3931
3890
4089
3095
4142
4373
3819
4069
4035
3997
2685
4798
2881
2617
8857
3298
5502
2732
4290
2778
4203
2645
4243
6832
4684
2731
4802
2644
4753
3993
4581
3235
4776
2553
4521
2596
4438
3017
4337
3024
4229
2604
4314
4231
8382
4125
7459
2892
4128
2967
3899
3804
3873
3845
3952
3881
4023
2874
3901
3876
3974
2991
3966
3823
4048
3272
3832
3854
3831
4086
2919
4093
2871
3863
3825
4201
3586
4048
3637
3784
3689
3765
3617
3732
3679
3742
3712
3758
3752
3949
3836
4453
3253
4044
2428
4011
2963
3789
3677
3773
3785
3798
3956
3939
3902
3835
3847
3841
3712
3792
3642
3758
3973
5186
3858
3756
3714
3742
3819
3978
3848
4506
2919
4151
4931
4430
4277
4020
2995
4016
2568
3879
4001
4809
3998
2402
4176
2500
4230
2210
3924
4155
3096
5843
4296
5917
4124
4394
3003
4396
3171
4250
2851
4025
3505
4163
3130
4375
3018
4278
3386
3851
4074
5748
4194
5087
4026
4934
3885
3865
3852
3807
4080
4454
3959
4069
3879
4123
3784
3986
4075
3761
3728
4553
3749
4134
3512
3683
3673
3714
3692
3730
3826
3756
3737
3911
3326
5879
4107
4107
2822
3780
3678
3681
3678
3663
3656
3755
3831
4898
2398
3901
3857
3901
3794
3838
3766
3832
3956
4006
5507
3865
4060
3361
4003
2956
3981
6045
4213
2703
4312
2566
4105
2396
4196
3279
3998
3027
3729
4501
3573
4230
3546
3864
3985
3788
4069
3001
4038
2756
4147
2943
5165
2779
4915
2981
4015
3130
3824
3800
4086
4584
3998
2928
4063
3327
4670
5499
4297
3718
4083
4104
4178
3023
4371
4696
4382
3997
4364
2739
4509
3615
4463
3807
4914
3158
4152
6354
4205
4450
4290
2779
3911
4324
3782
3980
2655
4109
2536
4339
3132
4011
2442
4199
4028
4356
2651
4434
4172
4219
3398
4048
4355
4969
2660
4954
2534
4519
2602
4189
5317
4129
3062
4202
2932
4141
2928
4253
3214
4365
3224
4412
3177
5220
3293
4479
3035
4592
4554
4302
3202
4206
4122
4849
4115
4450
3019
4275
2957
4373
3734
4264
2636
4581
3018
4555
2500
4438
5123
4626
3085
4209
2920
4902
2927
4397
5177
4320
4887
4448
3024
4258
4483
4402
4007
4533
2942
4642
4150
4726
2784
5324
4277
2562
4323
2558
4639
2809
4268
3394
4939
3118
4344
4493
4408
2688
4446
3789
4257
3642
3991
3271
4081
2529
4110
3016
3951
4183
2648
4173
3638
4190
4226
4217
4871
4359
3254
4065
3705
4194
3332
4286
3671
4380
2900
4564
4379
4594
3215
4642
4082
4354
3225
5143
2915
4994
7519
4755
2713
4323
3230
4466
3180
4371
4572
4217
3710
4884
4253
4666
4275
4369
2621
4403
2690
5693
7006
6007
4575
4595
4212
4388
3262
4825
2828
5258
2890
5040
4099
4371
3054
4483
3914
4487
3925
4446
3612
4329
2739
4451
4097
4330
4200
4736
5545
4510
2364
5728
3714
4605
3187
4816
3940
4869
3074
4667
3210
4680
3624
4568
3728
4244
2449
4264
3266
4621
3110
4232
2553
4727
2959
4212
3008
5030
2862
4523
3726
4371
4661
4253
4032
4167
3513
4439
3594
4416
2935
5078
3109
4821
5038
4602
3797
4621
2282
4639
3343
4763
3525
5363
3802
4808
3182
4251
3014
4559
2882
4092
4324
4134
4426
4406
3802
4144
2912
4372
2925
4379
2783
4327
3188
4313
3617
4303
3094
4728
3073
4468
2600
4579
3562
4369
3053
4481
3000
4219
4328
4481
3751
4469
2645
4416
3154
4685
2471
4345
3195
4294
2503
4502
3314
4349
2455
4414
2595
4688
3052
4298
3751
4460
3796
4289
2385
4099
3490
4320
2594
4288
3718
4275
2483
4508
2555
4374
5833
4536
3395
4265
4480
4145
2923
4358
3856
4493
2713
4463
2880
4505
2983
4548
2869
4261
2876
4486
3324
4440
3533
4264
2484
4133
4069
4218
2592
4388
3995
4353
2475
4425
2542
4377
4155
4565
3345
4602
2585
4781
2490
4979
4451
5750
3025
4760
3434
4697
3460
4775
2865
4865
3150
4222
3843
4390
4118
4453
3605
4591
3031
4420
3216
4631
3178
4163
3765
4321
3156
