1178
1208
1236
1208
1233
1207
1228
1206
1203
1201
1242
1240
1231
1228
1213
1229
1234
1185
1256
1228
1187
1224
1223
1178
1207
1177
1231
1221
1171
1208
1171
1171
1205
1219
1206
1197
1192
1162
1188
1205
1191
1188
1207
1210
1191
1211
1193
1193
1201
1189
1236
1192
1194
1202
1181
1183
1197
1167
1195
1203
1216
1203
1163
1225
1179
1190
1240
1218
1216
1218
1219
1198
1240
1206
1209
1239
1198
1192
1193
1181
1195
1172
1189
1230
1236
1187
1230
1207
1186
1201
1220
1180
1201
1180
1220
1222
1179
1210
1195
1218
1188
1224
1204
1210
1182
1189
1177
1192
1176
1197
1223
1181
1171
1184
1178
1185
1183
1197
1196
1179
1234
1196
1162
1209
1224
1197
1189
1255
1203
1263
1189
1224
1163
1195
1200
1173
1182
1255
1213
1158
1193
1243
1210
1233
1249
1206
1238
1200
1202
1221
1197
1223
1191
1198
1174
1227
1190
1187
1227
1238
1207
1232
1221
1219
1230
1202
1205
1169
1207
1174
1195
1170
1196
1193
1191
1322
1206
1199
1169
1197
1199
1185
1213
1199
1181
1200
1213
1202
1199
1182
1193
1197
1204
1192
1201
1221
1184
1174
1180
1202
1172
1197
1220
1231
1221
1204
1192
1250
1202
1206
1207
1216
1174
1216
1172
1243
1216
1202
1233
1210
1225
1195
1239
1238
1221
1190
1214
1243
1235
1184
1182
1223
1208
1203
1223
1178
1171
1184
1171
1217
1196
1210
1226
1255
1353
1332
1184
1218
1194
1198
1204
1224
1213
1195
1171
1231
1208
1240
1242
1276
1205
1237
1223
1282
1251
1175
1210
1251
1231
1250
1285
1220
1225
1223
1247
1263
1279
1250
1221
1260
1247
1221
1222
1283
1281
1213
1261
1240
1251
1199
1247
1237
1241
1236
1233
1207
1241
1203
1220
1222
1222
1240
1226
1264
1230
1225
1206
1243
1225
1236
1198
1233
1242
1220
1228
1230
1246
1206
1222
1227
1225
1245
1242
1224
1208
1255
1223
1237
1260
1226
1192
1226
1228
1292
1208
1203
1232
1227
1222
1330
1220
1260
1192
1240
1273
1236
1213
1237
1188
1217
1232
1239
1219
1203
1191
1182
1208
1193
1247
1234
1222
1186
1224
1218
1220
1211
1179
1215
1202
1188
1217
1245
1197
1234
1209
1208
1195
1200
1235
1246
1230
1201
1224
1189
1248
1196
1196
1218
1231
1216
1232
1229
1175
1218
1228
1219
1214
1214
1196
1214
1194
1220
1203
1193
1216
1212
1191
1217
1183
1206
1203
1190
1204
1196
1227
1212
1209
1198
1228
1197
1243
1186
1190
1203
1207
1181
1168
1233
1205
1219
1221
1232
1206
1198
1201
1198
1216
1223
1220
1214
1168
1204
1178
1251
1262
1212
1200
1248
1206
1193
1245
1205
1234
1201
1236
1222
1196
1238
1221
1223
1220
1221
1186
1210
1238
1214
1216
1218
1207
1198
1205
1207
1193
1192
1212
1213
1190
1214
1179
1186
1201
1211
1251
1271
1219
1197
1198
1205
1181
1210
1187
1210
1206
1207
1202
1199
1206
1258
1221
1229
1173
1227
1216
1229
1213
1218
1208
1275
1265
1215
1209
1184
1256
1207
1211
1203
1228
1225
1232
1227
1203
1227
1200
1243
1233
1216
1215
1225
1229
1215
1213
1212
1208
1246
1222
1257
1223
1226
1224
1226
1211
1224
1213
1207
1229
1224
1210
1177
1220
1190
1198
1204
1216
1204
1227
1210
1186
1259
1181
1205
1178
1208
1221
1232
1243
1185
1191
1195
1189
1203
1217
1259
1201
1236
1234
1229
1218
1251
1201
1261
1248
1204
1226
1254
1221
1220
1210
1210
1240
1213
1215
1242
1230
1206
1216
1246
1220
1199
1198
1194
1223
1223
1215
1236
1216
1187
1225
1224
1203
1209
1216
1178
1179
1222
1196
1198
1229
1194
1203
1255
1215
1188
1210
1210
1257
1217
1218
1206
1209
1241
1240
1223
1315
1281
1300
1240
1183
1218
1185
1201
1227
1187
1196
1281
1298
1277
1253
1244
1261
1222
1219
1243
1238
1248
1207
1243
1265
1258
1202
1202
1224
1234
1235
1244
1244
1225
1238
1212
1225
1187
1243
1208
1230
1220
1225
1203
1207
1180
1225
1219
1206
1265
1263
1239
1247
1205
1217
1215
1263
1218
1269
1212
1225
1245
1206
1259
1276
1221
1246
1233
1198
1220
1199
1245
1239
1189
1237
1203
1242
1175
1238
1234
1198
1270
1253
1228
1223
1191
1245
1213
1222
1238
1237
1181
1168
1213
1181
1231
1226
1207
1293
1288
1225
1280
1235
1247
1284
1195
1238
1235
1179
1225
1220
1218
1226
1229
1213
1208
1216
1226
1225
1233
1298
1197
1213
1228
1165
1236
1230
1203
1195
1185
1200
1181
1209
1177
1200
1179
1172
1209
1223
1192
1199
1217
1186
1191
1234
1190
1181
1254
1180
1201
1212
1289
1230
1201
1241
1267
1184
1197
1194
1265
1257
1216
1207
1284
1231
1209
1208
1175
1205
1231
1204
1196
1247
1229
1230
1200
1230
1222
1228
1220
1383
1287
1256
1227
1209
1283
1275
1202
1181
1245
1232
1204
1198
1226
1204
1173
1168
1203
1204
1192
1212
1209
1206
1178
1282
1256
1217
1201
1191
1271
1214
1174
1182
1199
1232
1194
1269
1161
1221
1258
1279
1202
1229
1250
1181
1181
1249
1289
1251
1206
1205
1267
1240
1219
1216
1254
1206
1207
1274
1234
1245
1282
1192
1278
1265
1240
1393
1272
1229
1241
1285
1354
1294
1228
1222
1225
1283
1250
1241
1211
1230
1221
1202
1196
1197
1196
1204
1190
1219
1205
1215
1189
1201
1201
1186
1199
1176
1171
1214
1178
1188
1163
1186
1211
1342
1293
1310
1242
1280
1355
1276
1226
1261
1204
1226
1180
1215
1221
1222
1263
1262
1255
1262
1276
1204
1235
1245
1227
1163
1208
1203
1180
1192
1217
1229
1185
1215
1189
1212
1211
1175
1185
1236
1180
1178
1179
1176
1196
1194
1191
1163
1202
1207
1180
1206
1188
1150
1189
1173
1180
1173
1179
1175
1183
1177
1172
1143
1220
1215
1204
1173
1180
1175
1200
1194
1216
1199
1200
1210
1211
1203
1213
1213
1209
1161
1199
1190
1194
1198
