3226
3246
3225
3229
3225
3218
3189
3190
3199
3253
3193
3240
3230
3203
3271
3282
3186
3218
3230
3266
3211
3221
3254
3217
3274
3252
3239
3204
3223
3223
3165
3258
3197
3165
3174
3239
3149
3153
3237
3151
3243
3198
3209
3218
3211
3147
3231
3269
3176
3234
3259
3252
3225
3222
3302
3184
3245
3209
3218
3282
3201
3249
3200
3277
3280
3308
3247
3284
3235
3185
3197
3229
3293
3237
3231
3238
3243
3243
3222
3226
3218
3204
3203
3229
3235
3193
3149
3158
3221
3236
3191
3197
3248
3221
3215
3214
3189
3282
3199
3207
3218
3276
3238
3227
3256
3257
3190
3217
3232
3208
3252
3291
3206
3259
3240
3223
3253
3223
3251
3208
3265
3219
3236
3227
3292
3248
3244
3191
3181
3247
3234
3236
3240
3223
3198
3288
3263
3271
3225
3197
3237
3208
3264
3280
3189
3250
3246
3215
3295
3250
3240
3233
3250
3265
3276
3181
3250
3240
3257
3274
3205
3172
3204
3183
3241
3143
3290
3272
3169
3228
3215
3165
3246
3221
3211
3243
3233
3288
3221
3226
3273
3220
3316
3272
3225
3308
3217
3227
3264
3206
3237
3221
3274
3211
3242
3254
3200
3216
3224
3285
3308
3264
3254
3230
3222
3268
3244
3240
3229
3219
3338
3264
3254
3248
3280
3271
3281
3267
3233
3262
3241
3233
3173
3232
3209
3236
3245
3226
3242
3276
3271
3255
3238
3284
3274
3287
3206
3200
3282
3307
3248
3259
3197
3256
3270
3281
3278
3302
3241
3255
3282
3267
3202
3272
3242
3261
3216
3229
3221
3243
3264
3232
3226
3239
3224
3299
3207
3216
3330
3204
3184
3214
3234
3307
3258
3229
3164
3217
3206
3269
3247
3241
3211
3236
3193
3301
3194
3260
3251
3251
3297
3205
3254
3249
3179
3262
3224
3292
3229
3342
3268
3269
3270
3239
3188
3269
3240
3223
3254
3197
3230
3225
3256
3239
3219
3259
3205
3238
3272
3218
3231
3218
3278
3246
3258
3227
3289
3240
3232
3225
3228
3229
3229
3228
3254
3302
3238
3266
3278
3276
3208
3269
3198
3190
3244
3204
3281
3257
3239
3256
3272
3281
3252
3265
3324
3245
3273
3289
3245
3270
3225
3195
3176
3248
3272
3287
3184
3220
3235
3221
3277
3263
3238
3252
3215
3253
3213
3223
3249
3301
3271
3206
3288
3280
3240
3227
3261
3347
3242
3269
3252
3226
3235
3232
3251
3274
3238
3234
3263
3231
3260
3299
3325
3218
3264
3221
3285
3242
3217
3222
3293
3233
3266
3230
3237
3295
3320
3233
3269
3215
3241
3258
3224
3284
3223
3265
3293
3247
3202
3259
3259
3220
3232
3180
3281
3320
3239
3296
3190
3253
3209
3243
3259
3274
3229
3286
3208
3244
3213
3209
3481
3235
3228
3214
3234
3254
3269
3221
3260
3239
3266
3255
3309
3271
3217
3244
3262
3263
3235
3269
3233
3267
3251
3275
3274
3198
3249
3226
3251
3216
3277
3329
3272
3240
3264
3271
3280
3222
3247
3267
3214
3266
3193
3159
3220
3215
3270
3252
3187
3230
3291
3236
3275
3219
3283
3260
3259
3234
3228
3258
3311
3213
3270
3214
3260
3288
3274
3277
3210
3221
3197
3205
3263
3250
3263
3238
3259
3268
3269
3239
3226
3377
3357
3222
3256
3257
3256
3224
3220
3214
3233
3235
3260
3240
3293
3222
3199
3240
3232
3233
3289
3216
3304
3247
3241
3398
3202
3233
3231
3298
3270
3242
3283
3263
3233
3193
3275
3284
3254
3262
3275
3256
3254
3196
3260
3263
3254
3242
3333
3253
3329
3193
3309
3264
3229
3279
3349
3233
3227
3254
3194
3164
3207
3283
3256
3242
3212
3231
3265
3234
3269
3238
3272
3225
3298
3211
3280
3211
3265
3212
3249
3278
3209
3214
3283
3252
3265
3305
3265
3263
3273
3243
3260
3286
3253
3316
3246
3323
3165
3233
3212
3248
3235
3224
3261
3216
3217
3243
3259
3226
3221
3201
3243
3221
3227
3286
3240
3251
3261
3246
3345
3217
3307
3324
3264
3287
3269
3284
3291
3195
3223
3226
3292
3287
3256
3236
3266
3237
3263
3230
3249
3201
3257
3274
3233
3320
3250
3270
3263
3241
3357
3283
3280
3200
3227
3285
3242
3261
3260
3199
3330
3227
3233
3236
3323
3316
3250
3242
3269
3315
3257
3222
3215
3264
3304
3239
3248
3258
3195
3287
3248
3291
3285
3253
3273
3232
3197
3204
3173
3260
3269
3240
3275
3308
3243
3231
3217
3272
3295
3284
3277
3216
3251
3226
3295
3290
3251
3269
3281
3234
3237
3275
3238
3244
3298
3261
3275
3225
3232
3283
3247
3273
3261
3243
3249
3288
3210
3258
3261
3284
3267
3239
3229
3287
3339
3240
3339
3251
3248
3240
3186
3208
3236
3232
3249
3272
3223
3251
3262
3261
3247
3212
3238
3276
3349
3273
3230
3238
3207
3229
3261
3200
3273
3237
3272
3285
3279
3217
3290
3256
3267
3288
3242
3298
3245
3262
3286
3291
3261
3240
3194
3244
3250
3245
3217
3316
3268
3320
3272
3294
3258
3263
3220
3202
3251
3322
3200
3244
3227
3226
3237
3265
3218
3317
3266
3205
3239
3260
3273
3190
3268
3220
3262
3253
3210
3217
3239
3186
3234
3237
3222
3220
3340
3248
3282
3345
3241
3278
3261
3284
3247
3213
3239
3214
3227
3200
3238
3195
3250
3244
3310
3205
3241
3243
3252
3243
3240
3209
3227
3232
3260
3217
3227
3263
3291
3261
3219
3259
3218
3209
3281
3199
3191
3262
3210
3278
3281
3254
3266
3234
3222
3255
3253
3258
3271
3254
3251
3280
3209
3275
3251
3267
3259
3294
3292
3222
3281
3258
3442
3309
3297
3240
3276
3241
3229
3265
3218
3213
3227
3206
3224
3247
3315
3281
3240
3274
3234
3312
3245
3208
3289
3328
3265
3287
3270
3263
3237
3243
3223
3313
3283
3282
3269
3239
3252
3251
3208
3260
3269
3204
3267
3286
3222
3215
3288
3237
3223
3249
3216
3259
3293
3246
3220
3277
3284
3226
3217
3217
3327
3229
3291
3254
3281
3307
3269
3210
3274
3224
3258
3263
3214
3253
3291
3240
3277
3299
3191
3356
3272
3247
