1044
1045
1038
1044
1045
1044
1047
1045
1050
1048
1046
1043
1043
1043
1044
1044
1044
1047
1045
1050
1045
1043
1044
1046
1042
1044
1044
1046
1045
1045
1046
1044
1051
1046
1044
1044
1044
1043
1049
1044
1044
1044
1043
1043
1046
1045
1054
1045
1042
1049
1044
1044
1043
1044
1045
1044
1045
1044
1044
1043
1046
1045
1045
1045
1044
1044
1047
1042
1042
1045
1043
1044
1043
1048
1049
1047
1050
1045
1047
1045
1047
1044
1047
1044
1044
1044
1044
1043
1044
1046
1043
1045
1045
1044
1045
1046
1043
1039
1045
1045
1044
1043
1047
1044
1046
1045
1046
1042
1044
1046
1043
1042
1042
1044
1042
1044
1046
1045
1043
1043
1043
1044
1044
1044
1045
1044
1047
1052
1045
1043
1044
1044
1045
1044
1047
1043
1043
1044
1042
1042
1044
1045
1046
1046
1043
1047
1044
1046
1046
1040
1045
1045
1044
1045
1041
1044
1045
1042
1043
1044
1043
1048
1047
1042
1040
1043
1043
1044
1044
1045
1044
1046
1042
1043
1043
1043
1051
1046
1049
1040
1045
1046
1041
1046
1044
1047
1047
1044
1043
1045
1046
1045
1044
1046
1041
1043
1046
1043
1050
1043
1044
1045
1041
1043
1045
1045
1047
1041
1044
1043
1043
1044
1044
1046
1043
1043
1046
1044
1049
1044
1042
1047
1045
1045
1045
1045
1044
1046
1045
1044
1044
1043
1044
1043
1044
1043
1043
1040
1043
1045
1044
1047
1045
1044
1043
1045
1046
1043
1043
1045
1044
1044
1045
1044
1037
1049
1046
1045
1046
1047
1043
1037
1044
1043
1045
1046
1051
1052
1043
1046
1046
1049
1044
1046
1041
1045
1045
1046
1046
1048
1045
1042
1045
1043
1044
1044
1043
1043
1045
1045
1048
1046
1046
1047
1050
1047
1044
1044
1045
1043
1044
1045
1045
1047
1044
1043
1043
1045
1043
1042
1044
1043
1044
1047
1045
1044
1046
1043
1044
1044
1044
1046
1045
1045
1037
1044
1047
1042
1043
1058
1046
1043
1044
1045
1045
1046
1044
1042
1042
1044
1045
1045
1045
1045
1047
1046
1043
1043
1045
1043
1047
1044
1046
1043
1043
1044
1046
1042
1046
1044
1053
1045
1044
1042
1045
1044
1045
1052
1045
1043
1048
1046
1044
1044
1043
1044
1043
1045
1046
1043
1045
1043
1044
1060
1045
1042
1048
1043
1046
1050
1045
1045
1047
1045
1043
1046
1046
1041
1046
1047
1045
1044
1044
1045
1045
1041
1047
1049
1043
1045
1048
1038
1045
1043
1044
1044
1045
1044
1046
1045
1042
1048
1043
1042
1043
1045
1042
1042
1048
1044
1047
1043
1046
1045
1045
1046
1046
1044
1044
1044
1042
1044
1046
1046
1043
1043
1046
1045
1044
1045
1045
1044
1045
1044
1045
1043
1045
1046
1047
1045
1048
1044
1043
1044
1044
1043
1043
1044
1045
1045
1049
1046
1046
1046
1046
1045
1046
1044
1047
1043
1042
1045
1047
1045
1044
1046
1046
1047
1040
1046
1046
1046
1045
1050
1049
1043
1043
1043
1048
1043
1045
1048
1047
1055
1047
1047
1046
1043
1046
1047
1049
1051
1045
1045
1048
1046
1048
1047
1048
1048
1050
1051
1048
1048
1045
1046
1049
1051
1050
1050
1050
1049
1047
1046
1046
1046
1045
1047
1048
1047
1048
1043
1043
1046
1051
1045
1046
1043
1042
1043
1043
1041
1041
1043
1061
1039
1039
1038
1045
1040
1038
1046
1037
1040
1040
1042
1040
1039
1040
1039
1042
1040
1040
1041
1043
1040
1040
1042
1042
1040
1040
1043
1043
1038
1044
1042
1045
1039
1041
1044
1041
1045
1042
1039
1043
1047
1041
1045
1045
1044
1046
1042
1049
1044
1046
1047
1045
1043
1046
1042
1046
1042
1048
1042
1044
1051
1043
1043
1047
1045
1052
1043
1045
1044
1046
1045
1047
1046
1047
1044
1045
1047
1048
1047
1044
1046
1045
1046
1044
1050
1046
1046
1044
1041
1044
1043
1047
1042
1042
1048
1050
1057
1049
1046
1047
1043
1045
1046
1044
1046
1046
1045
1043
1043
1043
1045
1041
1043
1046
1044
1044
1044
1046
1048
1044
1043
1044
1046
1045
1045
1046
1045
1044
1043
1042
1047
1046
1045
1046
1045
1045
1045
1047
1045
1045
1046
1047
1045
1044
1046
1046
1047
1044
1044
1048
1046
1046
1043
1044
1046
1046
1043
1044
1044
1049
1071
1043
1047
1044
1045
1048
1045
1044
1044
1040
1044
1043
1043
1042
1046
1044
1042
1046
1046
1043
1046
1043
1046
1046
1047
1043
1045
1043
1045
1047
1046
1047
1041
1046
1046
1048
1044
1043
1047
1044
1042
1044
1043
1048
1043
1048
1047
1046
1045
1047
1047
1045
1049
1045
1043
1045
1044
1044
1053
1044
1044
1047
1044
1045
1043
1045
1052
1052
1044
1043
1044
1045
1045
1046
1044
1043
1044
1044
1044
1043
1046
1044
1049
1043
1044
1042
1045
1045
1049
1043
1046
1044
1046
1048
1049
1044
1048
1049
1046
1047
1047
1044
1051
1044
1045
1045
1045
1047
1046
1045
1044
1048
1044
1044
1044
1046
1041
1044
1045
1043
1048
1045
1042
1045
1045
1042
1045
1042
1045
1048
1043
1046
1046
1043
1046
1044
1045
1047
1044
1044
1047
1044
1038
1046
1043
1047
1043
1044
1045
1043
1045
1043
1044
1044
1043
1045
1044
1040
1043
1040
1045
1045
1048
1044
1041
1044
1046
1044
1043
1045
1043
1047
1038
1045
1046
1047
1046
1044
1044
1048
1045
1046
1046
1044
1055
1044
1047
1044
1043
1045
1047
1051
1047
1042
1046
1044
1044
1044
1047
1042
1050
1048
1047
1048
1046
1042
1046
1043
1045
1045
1044
1046
1044
1047
1040
1045
1045
1047
1048
1045
1043
1044
1044
1047
1045
1043
1048
1046
1043
1047
1046
1048
1044
1045
1050
1044
1046
1045
1043
1045
1044
1041
1046
1045
1045
1045
1043
1048
1045
1041
1045
1046
1046
1045
1046
1044
1042
1047
1045
1045
1042
1043
1043
1046
1045
1045
1044
1044
1046
1044
1043
1048
1044
1044
1046
1044
1044
1047
1048
1043
1044
1044
1045
1044
1045
1043
