1144
1125
1093
1088
1090
1092
1101
1086
1095
1089
1086
1089
1092
1109
1118
1095
1135
1090
1099
1095
1196
1102
1097
1089
1092
1112
1092
1098
1123
1091
1097
1111
1097
1093
1107
1097
1097
1173
1090
1091
1093
1124
1093
1090
1114
1095
1114
1092
1097
1109
1111
1181
1114
1108
1098
1103
1120
1101
1095
1089
1092
1100
1101
1096
1094
1176
1094
1094
1092
1097
1093
1106
1092
1093
1088
1165
1163
1093
1102
1113
1163
1107
1096
1086
1093
1090
1100
1098
1100
1094
1091
1088
1086
1127
1104
1093
1148
1095
1141
1093
1092
1086
1090
1108
1143
1123
1090
1093
1095
1155
1097
1119
1095
1092
1088
1092
1089
1093
1098
1095
1092
1087
1094
1105
1090
1102
1101
1102
1137
1132
1146
1124
1084
1118
1094
1139
1101
1091
1092
1088
1094
1092
1089
1089
1090
1092
1109
1096
1084
1096
1089
1195
1086
1122
1178
1088
1090
1090
1087
1094
1103
1093
1110
1093
1092
1098
1103
1111
1112
1120
1185
1097
1094
1109
1093
1094
1088
1088
1101
1094
1177
1091
1111
1091
1087
1101
1089
1089
1093
1092
1104
1093
1086
1093
1089
1086
1094
1095
1091
1092
1093
1095
1164
1089
1088
1159
1097
1088
1094
1092
1093
1097
1096
1089
1089
1090
1096
1107
1154
1088
1089
1093
1090
1092
1087
1090
1087
1093
1151
1088
1088
1092
1089
1093
1103
1097
1092
1090
1123
1088
1112
1105
1105
1104
1100
1093
1089
1087
1090
1091
1116
1099
1119
1085
1113
1093
1089
1094
1090
1090
1092
1093
1087
1111
1098
1096
1094
1095
1094
1089
1092
1095
1087
1097
1104
1104
1094
1098
1103
1104
1111
1110
1125
1118
1088
1089
1087
1088
1100
1086
1118
1096
1091
1115
1114
1086
1104
1179
1085
1097
1110
1101
1090
1096
1089
1095
1094
1095
1093
1097
1089
1088
1094
1089
1088
1088
1101
1093
1140
1096
1100
1098
1104
1102
1088
1091
1089
1102
1109
1098
1094
1092
1092
1097
1095
1090
1090
1096
1102
1088
1102
1094
1088
1092
1093
1100
1092
1090
1089
1089
1090
1087
1094
1089
1100
1088
1090
1087
1091
1086
1095
1087
1116
1097
1093
1094
1086
1090
1095
1085
1088
1090
1084
1100
1090
1087
1095
1085
1093
1097
1096
1093
1090
1113
1090
1111
1102
1087
1087
1088
1086
1087
1096
1093
1090
1091
1091
1114
1110
1124
1108
1125
1096
1088
1095
1091
1090
1111
1088
1088
1091
1119
1101
1086
1116
1108
1104
1086
1103
1099
1104
1158
1093
1100
1086
1091
1106
1104
1096
1095
1089
1099
1100
1090
1117
1108
1115
1113
1169
1166
1102
1119
1098
1094
1105
1093
1115
1099
1117
1088
1128
1097
1101
1087
1091
1092
1093
1091
1093
1100
1098
1101
1119
1098
1159
1091
1089
1092
1090
1098
1091
1093
1099
1156
1139
1113
1131
1094
1092
1093
1094
1097
1092
1113
1150
1095
1124
1091
1101
1093
1089
1090
1098
1114
1095
1091
1095
1092
1093
1098
1090
1089
1094
1091
1096
1090
1118
1088
1101
1095
1111
1099
1088
1095
1119
1093
1093
1098
1095
1098
1087
1094
1105
1101
1114
1090
1094
1118
1087
1095
1123
1109
1086
1115
1111
1095
1103
1122
1098
1137
1180
1092
1102
1094
1092
1090
1091
1097
1096
1100
1093
1101
1104
1100
1097
1094
1106
1094
1161
1167
1088
1087
1091
1090
1085
1093
1087
1088
1089
1118
1097
1102
1095
1093
1095
1098
1088
1095
1091
1094
1143
1085
1095
1101
1172
1099
1092
1083
1094
1107
1107
1091
1136
1088
1086
1090
1087
1095
1092
1088
1090
1088
1091
1092
1095
1090
1095
1090
1088
1104
1090
1090
1087
1095
1098
1086
1118
1092
1113
1138
1105
1098
1092
1088
1091
1096
1114
1096
1116
1084
1085
1090
1092
1095
1092
1086
1106
1094
1090
1091
1089
1091
1107
1097
1096
1094
1099
1195
1123
1097
1089
1112
1196
1197
1104
1227
1107
1105
1096
1111
1098
1101
1101
1096
1115
1098
1179
1102
1093
1123
1095
1100
1088
1161
1095
1090
1105
1104
1104
1087
1104
1098
1101
1097
1097
1127
1087
1104
1092
1100
1097
1098
1096
1090
1093
1095
1150
1089
1090
1097
1088
1092
1099
1096
1103
1092
1092
1101
1094
1098
1097
1099
1098
1099
1092
1100
1105
1093
1083
1096
1090
1097
1091
1090
1096
1095
1100
1092
1116
1108
1109
1086
1092
1092
1099
1092
1117
1095
1087
1119
1090
1086
1131
1134
1125
1091
1093
1085
1092
1089
1109
1093
1095
1089
1086
1096
1087
1103
1109
1091
1119
1098
1183
1092
1089
1092
1087
1088
1188
1087
1174
1094
1207
1103
1096
1119
1098
1100
1093
1109
1100
1188
1096
1108
1088
1172
1087
1091
1168
1095
1089
1093
1087
1174
1098
1161
1095
1111
1095
1095
1100
1087
1103
1091
1097
1102
1094
1086
1098
1097
1166
1095
1086
1092
1094
1087
1094
1119
1093
1108
1092
1089
1095
1098
1092
1100
1089
1093
1137
1090
1097
1115
1090
1088
1090
1112
1116
1135
1090
1125
1094
1089
1108
1110
1097
1098
1097
1100
1108
1092
1088
1115
1091
1115
1109
1108
1100
1089
1095
1088
1091
1093
1093
1091
1121
1104
1119
1106
1094
1099
1093
1096
1097
1092
1211
1101
1091
1100
1108
1108
1101
1093
1114
1112
1094
1122
1099
1197
1095
1104
1085
1099
1088
1112
1120
1097
1126
1121
1132
1090
1089
1089
1087
1094
1106
1092
1094
1087
1105
1094
1112
1179
1097
1104
1101
1094
1090
1094
1092
1099
1091
1091
1093
1113
1165
1108
1096
1096
1098
1103
1093
1092
1107
1092
1103
1094
1104
1096
1106
1091
1096
1117
1122
1100
1099
1110
1099
1097
1097
1094
1095
1092
1097
1093
1091
1099
1099
1093
1097
1154
1111
1101
1099
1143
1095
1101
1110
1101
1115
1096
1099
1097
1098
1093
1099
1095
1109
1097
1102
1096
1095
1095
1109
1106
1119
1104
1091
1114
1090
1100
1146
1097
1114
1114
1108
1106
1095
1121
1096
1097
1099
