13501
11318
8761
8649
6314
6180
6330
6374
7260
6140
5787
6250
5565
6306
5659
6015
6249
6257
5741
6394
6280
6499
6161
6301
5862
6385
5922
6198
5831
6067
5949
5975
6269
5820
6113
6136
5688
6261
5855
6115
5803
6466
5628
6622
5711
6414
5674
5702
5788
5776
6411
5753
5659
6821
5644
5750
5772
6323
6401
6212
5684
6196
5473
6624
5855
5435
6216
6154
6324
5502
5523
6290
5259
5539
5457
6379
5410
6354
5501
5402
6375
5423
5610
5548
5243
6440
5301
5418
5484
6441
5506
6463
5600
6463
5380
6415
5558
5504
5487
5495
5670
6285
5439
5688
6135
5450
5479
5477
6534
6087
6534
5932
5864
6630
5680
6128
5607
6274
6817
6159
5897
6285
5714
5704
6408
6601
6036
5496
6041
5674
6043
5588
5692
6152
5890
5957
6267
5775
6350
6029
5671
5529
6127
5546
5454
5388
6116
5564
5347
5473
6842
5851
6359
6544
5594
6542
5607
5548
5420
5511
6295
5839
6231
5537
5518
5993
5718
5536
6198
6728
6359
5696
6195
5700
6866
5699
6262
5709
7155
6481
6107
5696
6929
5589
6156
5883
6617
5577
5698
5758
5796
6766
5675
5457
6389
5476
6611
5841
6814
5639
6503
5693
5655
6776
5735
5751
5778
6383
5809
5638
5753
6507
5703
6169
6667
5950
6613
5896
5902
5912
6719
6174
6273
5487
6671
5751
5574
5554
5633
5783
5904
5804
6641
6503
6535
5956
6461
5558
6356
6368
6759
5589
5469
6242
5482
6626
6078
6319
5831
5845
5725
6915
5622
5514
6427
5627
6365
5442
6360
5756
6535
6967
5723
5908
5583
6661
5773
5334
5490
5504
5710
5938
6406
6374
6090
6854
5410
5552
5662
5511
7013
5676
6118
5517
5651
6823
5486
6147
5593
5451
5293
6494
5286
6069
5631
5446
5467
6601
5620
5981
6032
6350
5456
5422
5620
5619
6838
5631
5661
5425
5742
5556
5982
6477
6495
6680
5691
6035
6200
6453
6090
6067
5865
6570
6464
5995
6413
6231
6541
5928
5948
5659
5864
5675
6073
5679
7203
5850
5766
6687
5911
6127
5928
5653
6023
6309
5995
5740
5518
5694
6319
5591
5608
5649
6878
6692
5967
6038
6090
6677
5871
6108
5734
6626
6085
6745
5605
6217
6392
6245
6311
6302
5618
5663
6249
6409
5754
5729
5852
6146
5774
6297
6541
6382
5775
5997
5969
5616
5610
6052
5496
5768
6147
5567
5515
6106
6433
5372
5645
5524
6434
5585
5394
6356
5659
6312
5827
6303
5778
6348
6396
5623
6410
5915
6403
5623
6621
5749
6679
5615
5895
7006
6487
6176
5635
6171
7068
5776
6140
5819
5616
5688
6159
5570
7056
6146
6362
5744
6912
5754
5879
6227
5846
5837
6037
5871
5747
5844
5748
5953
6159
6300
5838
5673
7001
5737
5792
6320
5754
5736
6560
5839
5961
6504
6715
5641
5838
6762
5893
6463
5981
7363
5653
6342
6086
6835
6011
6136
6242
7089
5736
5749
6349
5660
6378
5670
6225
5880
6624
5824
6402
7060
5622
5650
6147
5738
6738
5702
6171
5768
6281
5604
5675
6853
5749
6070
5780
7011
5601
5598
5662
5768
5915
6113
6176
6109
6149
6620
5570
5721
6449
6251
5921
5874
5789
6313
6402
5699
6346
6851
6764
6023
6330
6004
7004
5717
6230
6067
6778
5680
6055
5713
6930
5760
5696
6134
5573
6586
6109
6079
5736
6513
5949
6250
5648
6725
5939
6277
5344
7215
5401
5443
6091
5307
6689
5510
5510
6386
5456
6863
5582
6017
5474
6984
5424
5951
5420
6091
6742
5492
6176
6213
5761
6908
5447
5560
6039
5476
6530
5470
6003
5625
5780
6253
6267
5456
6874
5729
6280
5481
6778
5507
6035
5315
5429
5609
5530
6109
5418
6380
5666
5615
5599
6963
5603
6144
5478
6831
5517
5774
6566
5822
6749
5881
5764
6266
5377
6763
5608
5879
6025
6084
6508
5868
5590
6608
5377
5358
5341
5376
5474
7619
5409
6615
5649
6387
6334
6611
5560
6496
5556
6205
5530
6070
5435
6757
5515
5999
5498
5642
5723
5690
5506
5509
6568
5683
6852
5364
6325
5407
5417
5305
6536
6014
6322
5590
5695
5385
5592
5486
5465
5783
5868
6641
5439
6060
5391
6402
5426
5436
5392
5558
5641
5549
5286
5404
5275
5377
5557
5378
5652
5654
6347
5656
6114
5734
5529
6291
5473
6273
5475
6807
5546
5634
6103
5525
6487
5338
6132
5433
6517
5784
5644
5544
5520
6386
5522
5688
6375
5634
6455
5685
6336
6671
6233
5596
6531
5791
5648
6223
5967
5549
6277
5984
6140
6423
5855
5868
6118
6700
6144
6431
5754
5832
6223
5833
5644
6599
5819
6279
5901
6488
6056
6400
5794
6330
5975
5977
6178
5970
5905
6256
5956
6239
5812
5899
6719
5882
5979
5951
6412
5858
6331
5851
6062
6246
6263
6207
5920
6285
5862
5789
6108
6326
6013
6102
6109
5420
6080
5483
5385
5490
5968
6149
5899
6223
5760
5708
5878
5922
6249
5883
6166
5764
5786
6337
5870
5949
5752
7457
6099
6509
5939
6056
7028
5742
6945
5926
5648
5724
5627
6167
5624
6391
5659
6723
5995
6551
6067
5956
5896
6768
5588
5750
5574
6628
5602
5797
5719
5814
5580
6013
5557
5484
5778
6240
5772
5856
5792
6244
5391
5851
5864
6558
6058
5908
6027
6303
5750
5751
6475
5944
5770
6530
5954
5589
6276
5635
5601
5650
6464
5746
5810
5782
5918
5725
5811
6428
6727
6491
5861
6059
5690
6089
6207
5878
5976
5761
5742
5717
5799
5762
5695
5698
5677
6069
6140
5626
6369
5730
5958
5692
5636
5645
6203
5557
5760
5845
5639
5843
5824
6318
5677
5999
5671
5531
6512
5458
6029
5455
6100
5462
6076
5714
5874
5920
6292
5742
6512
6172
5869
6257
5657
6586
5639
5762
6474
5700
5789
5588
5644
5977
5799
5690
5881
5651
6195
6366
5927
5662
6328
5605
5732
5892
6522
5595
5680
6268
5913
5869
5982
5775
6117
5674
5740
5723
6278
5747
5860
5657
6629
6070
5683
6009
5816
5798
5849
6450
5867
6007
5974
6171
6026
6322
5513
5691
5848
6283
5652
5855
