2635
2161
2466
2677
2161
2398
2553
2039
2242
2607
2139
2244
2651
2137
2153
2667
2083
2170
2598
2109
2348
2666
2190
2191
2631
2175
2222
2599
2130
2195
2605
2080
2463
2599
2085
2222
2551
2078
2205
2562
2104
2423
2456
2107
2238
2477
2146
2340
2593
2046
2417
2601
2083
2636
2569
2078
2542
2569
2053
2435
2600
2095
2462
2638
2081
2373
2573
2073
2591
2532
2148
2372
2240
2045
2329
2571
2024
2344
2415
2585
2035
2436
2610
2107
2287
2549
2057
2345
3038
2095
2278
2375
2050
2586
2307
2120
2500
2349
2423
2086
2413
2342
2434
2049
2468
2397
2052
2508
2290
2088
2395
2266
2094
2416
2309
2077
2272
2344
2360
2138
2371
2347
2127
2409
2365
2251
2048
2388
2270
2102
2456
2263
2127
2538
2370
2092
2540
2309
2057
2205
2258
2177
2628
2311
2246
2245
2690
2021
2305
2651
2244
2070
2296
2639
2078
2276
2604
2389
2028
2257
2332
2641
2042
2234
2596
2309
2142
2274
2650
2054
2271
2741
2190
2306
2721
2083
2255
2631
2138
2315
2684
2099
2271
2246
2677
2169
2415
2288
2181
2608
2218
2389
2145
2669
2316
2227
2616
2086
2426
2588
2081
2223
2675
2079
2264
2301
2069
2641
2291
2172
2241
2704
2337
2274
2639
2007
2356
2343
2069
2584
2401
1989
2594
2220
2052
2647
2232
2074
2630
2210
2009
2360
2308
2649
2107
2257
2667
2194
2038
2714
2322
1999
2722
2216
2058
2761
2268
2058
2276
2362
2131
2634
2317
2131
2612
2308
2049
2273
2309
2580
2079
2215
2583
2060
2305
2231
2631
2128
2266
2583
2274
2057
2247
2626
2222
2346
2046
2587
2344
2259
2075
2621
2233
2134
2594
2349
2174
2370
2187
2596
2086
2283
2594
2321
2123
2653
2245
2114
2219
2608
2294
2115
2602
2261
2237
2644
2278
2239
2028
2664
2326
2012
2237
1996
2340
2627
2074
2364
2614
2108
2283
2557
2088
2315
2645
2075
2292
2584
2232
2078
2612
2216
2224
2075
2619
2221
2228
2072
2596
2351
2048
2599
2190
2291
2105
2644
2232
2125
2236
2698
2094
2221
2302
3296
2040
2219
2277
2766
2188
2305
2470
2218
2097
2425
2441
2160
2429
2352
2107
2415
2353
2102
2420
2368
2023
2214
2486
2018
2280
2209
2047
2385
2232
2242
2456
2039
2264
2385
2003
2272
2502
2009
2243
2276
2091
2682
2241
2045
2593
2335
2106
2193
2268
2101
2190
2507
2389
2225
2621
2304
2136
2609
2237
2298
2627
2044
2295
2626
2271
2438
2052
2660
2269
2191
2660
2312
2043
2595
2374
2218
2037
2350
2727
2069
2242
2666
2259
2069
2578
2388
2139
2582
2383
2061
2659
2365
2001
2624
2261
2269
2661
2070
2258
2711
2049
2270
2670
2014
2280
2203
2044
2614
2364
2164
2165
2535
2042
2271
2572
2005
2307
2601
2128
2281
2572
2040
2276
2524
2061
2297
2708
2233
2193
2278
2496
2114
2309
2580
2113
2344
2586
2089
2307
2605
2137
2202
2268
2014
2585
2336
2235
2534
2241
2054
2582
2292
2040
2204
2674
2314
2133
2270
2416
2123
2668
2278
2022
2166
2316
2080
2576
2410
2212
2044
2337
2236
2574
2108
2217
2562
2014
2366
2655
2344
2010
2600
2252
2201
2121
2338
2158
2129
2648
2237
2128
2605
2291
2114
2613
2271
2044
2745
2220
2220
2277
2261
2121
2709
2259
2038
2567
2173
2044
2053
2337
2520
2157
2049
2265
2584
2104
2209
2582
2066
2270
2137
3198
2101
2259
2578
2062
2192
2481
2073
2355
2161
2113
2423
2282
2140
2407
2271
2072
2448
2340
2042
2422
2302
2045
2445
2112
2051
2325
2824
2049
2264
2568
2000
2344
2426
2105
2159
2253
2417
2175
2232
2382
2090
2251
2365
2014
2149
2378
2258
2109
2352
2172
2312
2354
2121
2185
2343
2143
2242
2362
2069
2255
2389
2249
2305
2162
2504
2219
2291
1982
2461
2250
2038
2512
2267
2032
2472
2377
2050
2529
2276
2027
2498
2287
2025
2512
2238
2072
2586
2358
2042
2584
2315
2102
2581
2265
2069
2590
2229
2032
2118
2380
2045
2575
2287
1998
2614
2409
2021
2550
2489
2291
1999
2225
2546
2127
2236
2575
2070
2207
2266
2586
1963
2325
1995
2621
2068
2277
2525
2067
2250
2550
2144
2312
2478
2042
2177
2187
2538
2046
2249
2539
1993
2168
2565
2051
2291
2548
2204
2220
2271
2051
2220
2512
2332
2083
2656
2271
2020
2587
2365
2037
2593
2251
2276
2225
2261
2623
2133
2194
2533
2217
2357
2610
2156
2224
2239
2640
2174
2166
2681
2147
2113
2537
2213
2130
2246
2567
2245
2057
2657
2217
2294
2607
2123
2333
2258
2627
2343
2110
2607
2267
2114
2586
2285
2087
2597
2245
2043
2614
2257
2205
2613
2207
2225
2653
2161
2109
2616
2202
2238
2135
2541
2175
2178
2635
2242
2099
2622
2296
2088
2570
2370
2037
2227
2631
2111
2319
2607
2087
2344
2229
2087
2584
2210
2084
2672
2224
2240
2648
2129
2352
2521
2227
2312
2580
2118
2234
2560
2079
2194
2548
2092
2172
2176
2100
2305
2210
2057
2584
2197
2222
2074
2583
2276
2085
2257
2616
2231
2126
2710
2276
2157
2615
2330
2184
2125
2810
2173
2228
2625
2116
2162
2493
2101
2235
2427
2206
2220
2459
2119
2298
2192
2566
2041
2287
2547
2193
2078
2282
2497
1990
2198
2461
2045
2188
2581
2087
2278
2250
2560
2372
2047
2628
2278
2080
2640
2251
2144
2579
2355
2149
2580
2220
2242
2634
2161
2232
2751
2145
2297
2584
2168
2248
2611
2116
2285
2605
2106
2249
2165
2624
2281
2143
2281
2607
2252
2056
2611
2221
2102
2638
2234
2088
2623
2178
2184
2793
2096
2219
2219
2627
2239
2175
2627
2260
2215
2627
2248
2195
2617
2067
2171
2217
2702
2070
2356
2216
2489
2021
2186
2548
2075
2171
2542
2210
2215
2558
2215
2167
2201
2620
2155
2221
2574
2241
2242
2609
2103
2270
2294
2232
2341
2187
2151
2353
2584
2104
2171
2460
2090
2222
2309
2616
2164
2177
